[2018-08-08 22:12:23] [INFO] spider mode open
[2018-08-08 22:12:23] [INFO] read serial setting: 192.168.135.101:5555
[2018-08-08 22:12:23] [INFO] [spider mode] start task:(PACKAGE:com.douban.movie,TARGET_ACTIVITY:LegacySubjectActivity)
[2018-08-08 22:12:31] [INFO] paladin-s config complete, start testing...
[2018-08-08 22:13:41] [INFO] spider mode open
[2018-08-08 22:13:41] [INFO] read serial setting: 192.168.135.101:5555
[2018-08-08 22:13:41] [INFO] [spider mode] start task:(PACKAGE:com.douban.movie,TARGET_ACTIVITY:LegacySubjectActivity)
[2018-08-08 22:13:49] [INFO] paladin-s config complete, start testing...
[2018-08-08 22:14:57] [INFO] [spider mode] handling pages...
[2018-08-08 22:16:23] [DEBUG] Starting new HTTP connection (1): localhost
[2018-08-08 22:16:23] [DEBUG] http://localhost:9200 "POST /test/simpletree HTTP/1.1" 201 167
[2018-08-08 22:16:23] [INFO] succeed in uploading 1035016489.json
[2018-08-08 22:16:23] [DEBUG] Starting new HTTP connection (1): localhost
[2018-08-08 22:16:23] [DEBUG] http://localhost:9200 "POST /test/simpletree HTTP/1.1" 201 165
[2018-08-08 22:16:23] [INFO] succeed in uploading 1108187816.json
[2018-08-08 22:16:23] [DEBUG] Starting new HTTP connection (1): localhost
[2018-08-08 22:16:23] [DEBUG] http://localhost:9200 "POST /test/simpletree HTTP/1.1" 201 166
[2018-08-08 22:16:23] [INFO] succeed in uploading 1183292611.json
[2018-08-08 22:16:23] [DEBUG] Starting new HTTP connection (1): localhost
[2018-08-08 22:16:23] [DEBUG] http://localhost:9200 "POST /test/simpletree HTTP/1.1" 201 166
[2018-08-08 22:16:23] [INFO] succeed in uploading -1508502932.json
[2018-08-08 22:16:23] [DEBUG] Starting new HTTP connection (1): localhost
[2018-08-08 22:16:23] [DEBUG] http://localhost:9200 "POST /test/simpletree HTTP/1.1" 201 166
[2018-08-08 22:16:23] [INFO] succeed in uploading 1970242960.json
[2018-08-08 22:16:23] [DEBUG] Starting new HTTP connection (1): localhost
[2018-08-08 22:16:23] [DEBUG] http://localhost:9200 "POST /test/simpletree HTTP/1.1" 201 165
[2018-08-08 22:16:23] [INFO] succeed in uploading -2055942359.json
[2018-08-08 22:16:23] [DEBUG] Starting new HTTP connection (1): localhost
[2018-08-08 22:16:23] [DEBUG] http://localhost:9200 "POST /test/simpletree HTTP/1.1" 201 164
[2018-08-08 22:16:23] [INFO] succeed in uploading -37036886.json
[2018-08-08 22:16:23] [DEBUG] Starting new HTTP connection (1): localhost
[2018-08-08 22:16:23] [DEBUG] http://localhost:9200 "POST /test/simpletree HTTP/1.1" 201 165
[2018-08-08 22:16:23] [INFO] succeed in uploading -566695693.json
[2018-08-08 22:16:23] [DEBUG] Starting new HTTP connection (1): localhost
[2018-08-08 22:16:23] [DEBUG] http://localhost:9200 "POST /test/simpletree HTTP/1.1" 201 166
[2018-08-08 22:16:23] [INFO] succeed in uploading -739869484.json
[2018-08-08 22:16:23] [DEBUG] Starting new HTTP connection (1): localhost
[2018-08-08 22:16:23] [DEBUG] http://localhost:9200 "POST /test/simpletree HTTP/1.1" 201 165
[2018-08-08 22:16:23] [INFO] succeed in uploading 980633727.json
[2018-08-08 22:16:23] [INFO] finish handling pages
[2018-08-08 22:17:23] [INFO] [spider mode] handling pages...
[2018-08-08 22:17:23] [INFO] finish handling pages
[2018-08-08 22:18:23] [INFO] [spider mode] handling pages...
[2018-08-08 22:18:23] [INFO] finish handling pages
[2018-08-08 22:19:23] [INFO] [spider mode] handling pages...
[2018-08-08 22:19:24] [DEBUG] Starting new HTTP connection (1): localhost
[2018-08-08 22:19:24] [DEBUG] http://localhost:9200 "POST /test/simpletree HTTP/1.1" 201 166
[2018-08-08 22:19:24] [INFO] succeed in uploading 1021713389.json
[2018-08-08 22:19:24] [DEBUG] Starting new HTTP connection (1): localhost
[2018-08-08 22:19:24] [DEBUG] http://localhost:9200 "POST /test/simpletree HTTP/1.1" 201 167
[2018-08-08 22:19:24] [INFO] succeed in uploading 1538420678.json
[2018-08-08 22:19:24] [DEBUG] Starting new HTTP connection (1): localhost
[2018-08-08 22:19:24] [DEBUG] http://localhost:9200 "POST /test/simpletree HTTP/1.1" 201 167
[2018-08-08 22:19:24] [INFO] succeed in uploading 1869027389.json
[2018-08-08 22:19:24] [DEBUG] Starting new HTTP connection (1): localhost
[2018-08-08 22:19:24] [DEBUG] http://localhost:9200 "POST /test/simpletree HTTP/1.1" 201 167
[2018-08-08 22:19:24] [INFO] succeed in uploading 612306321.json
[2018-08-08 22:19:24] [INFO] finish handling pages
[2018-08-08 22:20:24] [INFO] [spider mode] handling pages...
[2018-08-08 22:20:24] [DEBUG] Starting new HTTP connection (1): localhost
[2018-08-08 22:20:24] [DEBUG] http://localhost:9200 "POST /test/simpletree HTTP/1.1" 201 166
[2018-08-08 22:20:24] [INFO] succeed in uploading -1150462782.json
[2018-08-08 22:20:24] [DEBUG] Starting new HTTP connection (1): localhost
[2018-08-08 22:20:24] [DEBUG] http://localhost:9200 "POST /test/simpletree HTTP/1.1" 201 165
[2018-08-08 22:20:24] [INFO] succeed in uploading -1443112418.json
[2018-08-08 22:20:24] [DEBUG] Starting new HTTP connection (1): localhost
[2018-08-08 22:20:24] [DEBUG] http://localhost:9200 "POST /test/simpletree HTTP/1.1" 201 166
[2018-08-08 22:20:24] [INFO] succeed in uploading -601697008.json
[2018-08-08 22:20:24] [DEBUG] Starting new HTTP connection (1): localhost
[2018-08-08 22:20:24] [DEBUG] http://localhost:9200 "POST /test/simpletree HTTP/1.1" 201 165
[2018-08-08 22:20:24] [INFO] succeed in uploading 649788835.json
[2018-08-08 22:20:24] [DEBUG] Starting new HTTP connection (1): localhost
[2018-08-08 22:20:24] [DEBUG] http://localhost:9200 "POST /test/simpletree HTTP/1.1" 201 165
[2018-08-08 22:20:24] [INFO] succeed in uploading 698193774.json
[2018-08-08 22:20:24] [DEBUG] Starting new HTTP connection (1): localhost
[2018-08-08 22:20:24] [DEBUG] http://localhost:9200 "POST /test/simpletree HTTP/1.1" 201 166
[2018-08-08 22:20:24] [INFO] succeed in uploading 755452076.json
[2018-08-08 22:20:24] [INFO] finish handling pages
[2018-08-08 22:21:24] [INFO] [spider mode] handling pages...
[2018-08-08 22:21:24] [DEBUG] Starting new HTTP connection (1): localhost
[2018-08-08 22:21:24] [DEBUG] http://localhost:9200 "POST /test/simpletree HTTP/1.1" 201 167
[2018-08-08 22:21:24] [INFO] succeed in uploading 1583363466.json
[2018-08-08 22:21:24] [DEBUG] Starting new HTTP connection (1): localhost
[2018-08-08 22:21:24] [DEBUG] http://localhost:9200 "POST /test/simpletree HTTP/1.1" 201 166
[2018-08-08 22:21:24] [INFO] succeed in uploading 576887011.json
[2018-08-08 22:21:24] [DEBUG] Starting new HTTP connection (1): localhost
[2018-08-08 22:21:24] [DEBUG] http://localhost:9200 "POST /test/simpletree HTTP/1.1" 201 165
[2018-08-08 22:21:24] [INFO] succeed in uploading 653173731.json
[2018-08-08 22:21:24] [DEBUG] Starting new HTTP connection (1): localhost
[2018-08-08 22:21:25] [DEBUG] http://localhost:9200 "POST /test/simpletree HTTP/1.1" 201 166
[2018-08-08 22:21:25] [INFO] succeed in uploading 681802882.json
[2018-08-08 22:21:25] [DEBUG] Starting new HTTP connection (1): localhost
[2018-08-08 22:21:25] [DEBUG] http://localhost:9200 "POST /test/simpletree HTTP/1.1" 201 167
[2018-08-08 22:21:25] [INFO] succeed in uploading 784081227.json
[2018-08-08 22:21:25] [INFO] finish handling pages
[2018-08-08 22:22:25] [INFO] [spider mode] handling pages...
[2018-08-08 22:22:25] [DEBUG] Starting new HTTP connection (1): localhost
[2018-08-08 22:22:25] [DEBUG] http://localhost:9200 "POST /test/simpletree HTTP/1.1" 201 165
[2018-08-08 22:22:25] [INFO] succeed in uploading 1235357484.json
[2018-08-08 22:22:25] [DEBUG] Starting new HTTP connection (1): localhost
[2018-08-08 22:22:25] [DEBUG] http://localhost:9200 "POST /test/simpletree HTTP/1.1" 201 165
[2018-08-08 22:22:25] [INFO] succeed in uploading -307777239.json
[2018-08-08 22:22:25] [INFO] finish handling pages
[2018-08-08 22:23:25] [INFO] [spider mode] handling pages...
[2018-08-08 22:23:25] [INFO] finish handling pages
[2018-08-08 22:24:25] [INFO] [spider mode] handling pages...
[2018-08-08 22:24:25] [INFO] finish handling pages
[2018-08-08 22:25:25] [INFO] [spider mode] handling pages...
[2018-08-08 22:25:25] [DEBUG] Starting new HTTP connection (1): localhost
[2018-08-08 22:25:25] [DEBUG] http://localhost:9200 "POST /test/simpletree HTTP/1.1" 201 166
[2018-08-08 22:25:25] [INFO] succeed in uploading 263066636.json
[2018-08-08 22:25:25] [INFO] finish handling pages
[2018-08-08 22:25:25] [INFO] task is over
[2018-08-08 22:25:25] [INFO] [spider mode] start task:(PACKAGE:com.bard.vgtime,TARGET_ACTIVITY:SimpleBackActivity)
[2018-08-08 22:25:31] [INFO] paladin-s config complete, start testing...
[2018-08-08 22:26:39] [INFO] [spider mode] handling pages...
[2018-08-08 22:26:39] [INFO] finish handling pages
[2018-08-08 22:27:39] [INFO] [spider mode] handling pages...
[2018-08-08 22:27:39] [INFO] finish handling pages
[2018-08-08 22:28:39] [INFO] [spider mode] handling pages...
[2018-08-08 22:28:40] [DEBUG] Starting new HTTP connection (1): localhost
[2018-08-08 22:28:40] [DEBUG] http://localhost:9200 "POST /test/simpletree HTTP/1.1" 201 167
[2018-08-08 22:28:40] [INFO] succeed in uploading 99991662.json
[2018-08-08 22:28:40] [INFO] finish handling pages
[2018-08-08 22:29:40] [INFO] [spider mode] handling pages...
[2018-08-08 22:29:40] [INFO] finish handling pages
[2018-08-08 22:30:40] [INFO] [spider mode] handling pages...
[2018-08-08 22:30:40] [INFO] finish handling pages
[2018-08-08 22:31:40] [INFO] [spider mode] handling pages...
[2018-08-08 22:31:40] [INFO] finish handling pages
[2018-08-08 22:32:40] [INFO] [spider mode] handling pages...
[2018-08-08 22:32:40] [INFO] finish handling pages
[2018-08-08 22:33:40] [INFO] [spider mode] handling pages...
[2018-08-08 22:33:40] [INFO] finish handling pages
[2018-08-08 22:34:40] [INFO] [spider mode] handling pages...
[2018-08-08 22:34:40] [INFO] finish handling pages
[2018-08-08 22:35:40] [INFO] [spider mode] handling pages...
[2018-08-08 22:35:40] [INFO] finish handling pages
[2018-08-08 22:35:40] [INFO] task is over
[2018-08-08 22:35:41] [INFO] [spider mode] start task:(PACKAGE:com.yelong.baobaoshipu,TARGET_ACTIVITY:RecipeDetailActivity)
[2018-08-08 22:35:41] [INFO] paladin-s config complete, start testing...
[2018-08-08 22:36:49] [INFO] [spider mode] handling pages...
[2018-08-08 22:36:49] [DEBUG] Starting new HTTP connection (1): localhost
[2018-08-08 22:36:49] [DEBUG] http://localhost:9200 "POST /test/simpletree HTTP/1.1" 201 166
[2018-08-08 22:36:49] [INFO] succeed in uploading 1097741070.json
[2018-08-08 22:36:49] [DEBUG] Starting new HTTP connection (1): localhost
[2018-08-08 22:36:50] [DEBUG] http://localhost:9200 "POST /test/simpletree HTTP/1.1" 201 166
[2018-08-08 22:36:50] [INFO] succeed in uploading 1497075079.json
[2018-08-08 22:36:50] [DEBUG] Starting new HTTP connection (1): localhost
[2018-08-08 22:36:50] [DEBUG] http://localhost:9200 "POST /test/simpletree HTTP/1.1" 201 167
[2018-08-08 22:36:50] [INFO] succeed in uploading -1781285275.json
[2018-08-08 22:36:50] [DEBUG] Starting new HTTP connection (1): localhost
[2018-08-08 22:36:50] [DEBUG] http://localhost:9200 "POST /test/simpletree HTTP/1.1" 201 168
[2018-08-08 22:36:50] [INFO] succeed in uploading -2113787829.json
[2018-08-08 22:36:50] [DEBUG] Starting new HTTP connection (1): localhost
[2018-08-08 22:36:50] [DEBUG] http://localhost:9200 "POST /test/simpletree HTTP/1.1" 201 167
[2018-08-08 22:36:50] [INFO] succeed in uploading 475298200.json
[2018-08-08 22:36:50] [DEBUG] Starting new HTTP connection (1): localhost
[2018-08-08 22:36:50] [DEBUG] http://localhost:9200 "POST /test/simpletree HTTP/1.1" 201 166
[2018-08-08 22:36:50] [INFO] succeed in uploading -698520112.json
[2018-08-08 22:36:50] [INFO] finish handling pages
[2018-08-08 22:37:50] [INFO] [spider mode] handling pages...
[2018-08-08 22:37:50] [DEBUG] Starting new HTTP connection (1): localhost
[2018-08-08 22:37:50] [DEBUG] http://localhost:9200 "POST /test/simpletree HTTP/1.1" 201 167
[2018-08-08 22:37:50] [INFO] succeed in uploading 1419855042.json
[2018-08-08 22:37:50] [INFO] finish handling pages
[2018-08-08 22:38:50] [INFO] [spider mode] handling pages...
[2018-08-08 22:38:50] [INFO] finish handling pages
[2018-08-08 22:39:50] [INFO] [spider mode] handling pages...
[2018-08-08 22:39:50] [INFO] finish handling pages
[2018-08-08 22:40:50] [INFO] [spider mode] handling pages...
[2018-08-08 22:40:50] [DEBUG] Starting new HTTP connection (1): localhost
[2018-08-08 22:40:50] [DEBUG] http://localhost:9200 "POST /test/simpletree HTTP/1.1" 201 167
[2018-08-08 22:40:50] [INFO] succeed in uploading 1632235658.json
[2018-08-08 22:40:50] [DEBUG] Starting new HTTP connection (1): localhost
[2018-08-08 22:40:50] [DEBUG] http://localhost:9200 "POST /test/simpletree HTTP/1.1" 201 166
[2018-08-08 22:40:50] [INFO] succeed in uploading -2064977121.json
[2018-08-08 22:40:50] [DEBUG] Starting new HTTP connection (1): localhost
[2018-08-08 22:40:50] [DEBUG] http://localhost:9200 "POST /test/simpletree HTTP/1.1" 201 167
[2018-08-08 22:40:50] [INFO] succeed in uploading 856246581.json
[2018-08-08 22:40:50] [DEBUG] Starting new HTTP connection (1): localhost
[2018-08-08 22:40:50] [DEBUG] http://localhost:9200 "POST /test/simpletree HTTP/1.1" 201 166
[2018-08-08 22:40:50] [INFO] succeed in uploading 937165565.json
[2018-08-08 22:40:50] [INFO] finish handling pages
[2018-08-08 22:41:50] [INFO] [spider mode] handling pages...
[2018-08-08 22:41:50] [DEBUG] Starting new HTTP connection (1): localhost
[2018-08-08 22:41:50] [DEBUG] http://localhost:9200 "POST /test/simpletree HTTP/1.1" 201 167
[2018-08-08 22:41:50] [INFO] succeed in uploading -694666782.json
[2018-08-08 22:41:50] [INFO] finish handling pages
[2018-08-08 22:42:50] [INFO] [spider mode] handling pages...
[2018-08-08 22:42:50] [INFO] finish handling pages
[2018-08-08 22:43:50] [INFO] [spider mode] handling pages...
[2018-08-08 22:43:50] [INFO] finish handling pages
[2018-08-08 22:44:50] [INFO] [spider mode] handling pages...
[2018-08-08 22:44:51] [INFO] finish handling pages
[2018-08-08 22:45:51] [INFO] [spider mode] handling pages...
[2018-08-08 22:45:51] [INFO] finish handling pages
[2018-08-08 22:45:51] [INFO] task is over
[2018-08-08 22:45:51] [INFO] [spider mode] start task:(PACKAGE:cn.medlive.guideline.android,TARGET_ACTIVITY:GuidelineDetailActivity)
[2018-08-08 22:45:58] [INFO] paladin-s config complete, start testing...
[2018-08-08 22:47:06] [INFO] [spider mode] handling pages...
[2018-08-08 22:47:06] [INFO] finish handling pages
[2018-08-08 22:48:06] [INFO] [spider mode] handling pages...
[2018-08-08 22:53:44] [DEBUG] Starting new HTTP connection (1): localhost
[2018-08-08 22:53:44] [DEBUG] http://localhost:9200 "POST /test/simpletree HTTP/1.1" 201 165
[2018-08-08 22:53:44] [INFO] succeed in uploading 1049751793.json
[2018-08-08 22:53:44] [DEBUG] Starting new HTTP connection (1): localhost
[2018-08-08 22:53:44] [DEBUG] http://localhost:9200 "POST /test/simpletree HTTP/1.1" 201 165
[2018-08-08 22:53:44] [INFO] succeed in uploading -1611237502.json
[2018-08-08 22:53:44] [DEBUG] Starting new HTTP connection (1): localhost
[2018-08-08 22:53:44] [DEBUG] http://localhost:9200 "POST /test/simpletree HTTP/1.1" 201 166
[2018-08-08 22:53:44] [INFO] succeed in uploading -1817335094.json
[2018-08-08 22:53:44] [DEBUG] Starting new HTTP connection (1): localhost
[2018-08-08 22:53:44] [DEBUG] http://localhost:9200 "POST /test/simpletree HTTP/1.1" 201 167
[2018-08-08 22:53:44] [INFO] succeed in uploading -2005825536.json
[2018-08-08 22:53:44] [DEBUG] Starting new HTTP connection (1): localhost
[2018-08-08 22:53:44] [DEBUG] http://localhost:9200 "POST /test/simpletree HTTP/1.1" 201 167
[2018-08-08 22:53:44] [INFO] succeed in uploading 2137863364.json
[2018-08-08 22:53:44] [DEBUG] Starting new HTTP connection (1): localhost
[2018-08-08 22:53:44] [DEBUG] http://localhost:9200 "POST /test/simpletree HTTP/1.1" 201 166
[2018-08-08 22:53:44] [INFO] succeed in uploading 3392903.json
[2018-08-08 22:53:44] [DEBUG] Starting new HTTP connection (1): localhost
[2018-08-08 22:53:44] [DEBUG] http://localhost:9200 "POST /test/simpletree HTTP/1.1" 201 166
[2018-08-08 22:53:44] [INFO] succeed in uploading -407128118.json
[2018-08-08 22:53:44] [DEBUG] Starting new HTTP connection (1): localhost
[2018-08-08 22:53:44] [DEBUG] http://localhost:9200 "POST /test/simpletree HTTP/1.1" 201 167
[2018-08-08 22:53:44] [INFO] succeed in uploading -444240332.json
[2018-08-08 22:53:44] [DEBUG] Starting new HTTP connection (1): localhost
[2018-08-08 22:53:44] [DEBUG] http://localhost:9200 "POST /test/simpletree HTTP/1.1" 201 166
[2018-08-08 22:53:44] [INFO] succeed in uploading -47146665.json
[2018-08-08 22:53:44] [DEBUG] Starting new HTTP connection (1): localhost
[2018-08-08 22:53:44] [DEBUG] http://localhost:9200 "POST /test/simpletree HTTP/1.1" 201 165
[2018-08-08 22:53:44] [INFO] succeed in uploading 547920398.json
[2018-08-08 22:53:44] [DEBUG] Starting new HTTP connection (1): localhost
[2018-08-08 22:53:44] [DEBUG] http://localhost:9200 "POST /test/simpletree HTTP/1.1" 201 166
[2018-08-08 22:53:44] [INFO] succeed in uploading -70651485.json
[2018-08-08 22:53:44] [INFO] finish handling pages
[2018-08-08 22:54:44] [INFO] [spider mode] handling pages...
[2018-08-08 22:54:44] [DEBUG] Starting new HTTP connection (1): localhost
[2018-08-08 22:54:44] [DEBUG] http://localhost:9200 "POST /test/simpletree HTTP/1.1" 201 166
[2018-08-08 22:54:44] [INFO] succeed in uploading -1274342650.json
[2018-08-08 22:54:44] [DEBUG] Starting new HTTP connection (1): localhost
[2018-08-08 22:54:44] [DEBUG] http://localhost:9200 "POST /test/simpletree HTTP/1.1" 201 167
[2018-08-08 22:54:44] [INFO] succeed in uploading -937879048.json
[2018-08-08 22:54:44] [INFO] finish handling pages
[2018-08-08 22:55:44] [INFO] [spider mode] handling pages...
[2018-08-08 22:55:45] [INFO] finish handling pages
[2018-08-08 22:56:45] [INFO] [spider mode] handling pages...
[2018-08-08 22:56:45] [DEBUG] Starting new HTTP connection (1): localhost
[2018-08-08 22:56:45] [DEBUG] http://localhost:9200 "POST /test/simpletree HTTP/1.1" 201 167
[2018-08-08 22:56:45] [INFO] succeed in uploading 1714811032.json
[2018-08-08 22:56:45] [INFO] finish handling pages
[2018-08-08 22:57:45] [INFO] [spider mode] handling pages...
[2018-08-08 22:57:45] [DEBUG] Starting new HTTP connection (1): localhost
[2018-08-08 22:57:45] [DEBUG] http://localhost:9200 "POST /test/simpletree HTTP/1.1" 201 168
[2018-08-08 22:57:45] [INFO] succeed in uploading -1353081512.json
[2018-08-08 22:57:45] [DEBUG] Starting new HTTP connection (1): localhost
[2018-08-08 22:57:45] [DEBUG] http://localhost:9200 "POST /test/simpletree HTTP/1.1" 201 167
[2018-08-08 22:57:45] [INFO] succeed in uploading -1681288993.json
[2018-08-08 22:57:45] [DEBUG] Starting new HTTP connection (1): localhost
[2018-08-08 22:57:45] [DEBUG] http://localhost:9200 "POST /test/simpletree HTTP/1.1" 201 167
[2018-08-08 22:57:45] [INFO] succeed in uploading -2067982398.json
[2018-08-08 22:57:45] [DEBUG] Starting new HTTP connection (1): localhost
[2018-08-08 22:57:45] [DEBUG] http://localhost:9200 "POST /test/simpletree HTTP/1.1" 201 166
[2018-08-08 22:57:45] [INFO] succeed in uploading 605216597.json
[2018-08-08 22:57:45] [DEBUG] Starting new HTTP connection (1): localhost
[2018-08-08 22:57:45] [DEBUG] http://localhost:9200 "POST /test/simpletree HTTP/1.1" 201 169
[2018-08-08 22:57:45] [INFO] succeed in uploading 666132969.json
[2018-08-08 22:57:45] [DEBUG] Starting new HTTP connection (1): localhost
[2018-08-08 22:57:45] [DEBUG] http://localhost:9200 "POST /test/simpletree HTTP/1.1" 201 166
[2018-08-08 22:57:45] [INFO] succeed in uploading -760480067.json
[2018-08-08 22:57:45] [INFO] finish handling pages
[2018-08-08 22:58:45] [INFO] [spider mode] handling pages...
[2018-08-08 22:58:45] [INFO] finish handling pages
[2018-08-08 22:59:45] [INFO] [spider mode] handling pages...
[2018-08-08 22:59:45] [INFO] finish handling pages
[2018-08-08 23:00:45] [INFO] [spider mode] handling pages...
[2018-08-08 23:00:45] [INFO] finish handling pages
[2018-08-08 23:01:45] [INFO] [spider mode] handling pages...
[2018-08-08 23:01:45] [INFO] finish handling pages
[2018-08-08 23:01:45] [INFO] task is over
