[2018-11-20 23:27:11] [INFO] start downloading old apks...
[2018-11-20 23:27:25] [INFO] download finish with file: com.wuba.bangjob.apk
[2018-11-20 23:27:25] [INFO] start task: com.njfae.njquan.apk
[2018-11-20 23:27:25] [INFO] start analysing app: 南金泉
[2018-11-20 23:27:25] [INFO] start task: com.wuba.bangjob.apk
[2018-11-20 23:27:25] [INFO] start analysing app: 招才猫直聘
[2018-11-20 23:27:25] [INFO] start task: com.bozhong.forum.apk
[2018-11-20 23:27:25] [INFO] start analysing app: 孕迹暖暖播种网孕期孕育
[2018-11-20 23:27:26] [INFO] start downloading old apks...
[2018-11-20 23:27:41] [INFO] download finish with file: com.jinxin.namibox.apk
[2018-11-20 23:27:41] [INFO] start task: com.njfae.njquan.apk
[2018-11-20 23:27:41] [INFO] start analysing app: 南金泉
[2018-11-20 23:31:47] [INFO] start downloading old apks...
[2018-11-20 23:32:04] [INFO] download finish with file: com.kugou.android.apk
[2018-11-20 23:32:04] [INFO] start task: com.njfae.njquan.apk
[2018-11-20 23:32:04] [INFO] start analysing app: 南金泉
[2018-11-20 23:33:45] [INFO] start downloading old apks...
[2018-11-20 23:33:58] [INFO] download finish with file: sogou.mobile.explorer.apk
[2018-11-20 23:33:58] [INFO] start task: com.njfae.njquan.apk
[2018-11-20 23:33:58] [INFO] start analysing app: 南金泉
[2018-11-20 23:33:58] [INFO] start task: sogou.mobile.explorer.apk
[2018-11-20 23:33:58] [INFO] start analysing app: 搜狗浏览器
[2018-11-20 23:33:58] [INFO] start task: com.wuba.bangjob.apk
[2018-11-20 23:33:58] [INFO] start analysing app: 招才猫直聘
[2018-11-20 23:33:59] [INFO] start task: com.bozhong.forum.apk
[2018-11-20 23:33:59] [INFO] start analysing app: 孕迹暖暖播种网孕期孕育
[2018-11-20 23:33:59] [INFO] start task: com.kugou.android.apk
[2018-11-20 23:33:59] [INFO] start analysing app: 酷狗音乐
[2018-11-20 23:33:59] [INFO] start task: com.jinxin.namibox.apk
[2018-11-20 23:33:59] [INFO] start analysing app: 纳米盒
[2018-11-20 23:33:59] [INFO] start downloading old apks...
[2018-11-20 23:34:02] [INFO] start task: com.njfae.njquan.apk
[2018-11-20 23:34:02] [INFO] start analysing app: 南金泉
[2018-11-20 23:35:45] [INFO] start task: com.njfae.njquan.apk
[2018-11-20 23:35:45] [INFO] start analysing app: 南金泉
[2018-11-20 23:35:45] [INFO] start task: com.pufei.emojifair.apk
[2018-11-20 23:35:45] [INFO] start analysing app: 南金泉
[2018-11-20 23:35:45] [INFO] start task: sogou.mobile.explorer.apk
[2018-11-20 23:35:45] [INFO] start analysing app: 搜狗浏览器
[2018-11-20 23:35:45] [INFO] start task: com.wuba.bangjob.apk
[2018-11-20 23:35:45] [INFO] start analysing app: 招才猫直聘
[2018-11-20 23:35:45] [INFO] start task: com.bozhong.forum.apk
[2018-11-20 23:35:45] [INFO] start analysing app: 孕迹暖暖播种网孕期孕育
[2018-11-20 23:35:45] [INFO] start task: com.kugou.android.apk
[2018-11-20 23:35:45] [INFO] start analysing app: 酷狗音乐
[2018-11-20 23:35:46] [INFO] start task: com.jinxin.namibox.apk
[2018-11-20 23:35:46] [INFO] start analysing app: 纳米盒
[2018-11-20 23:35:46] [INFO] start task: com.njfae.njquan.apk
[2018-11-20 23:35:46] [INFO] start analysing app: 南金泉
[2018-11-20 23:42:25] [INFO] start task: com.njfae.njquan.apk
[2018-11-20 23:42:25] [INFO] start analysing app: 南金泉
[2018-11-20 23:42:52] [INFO] start task: com.njfae.njquan.apk
[2018-11-20 23:42:52] [INFO] start analysing app: 南金泉
[2018-11-20 23:47:37] [INFO] start task: com.njfae.njquan.apk
[2018-11-20 23:47:37] [INFO] start analysing app: 南金泉
[2018-11-20 23:49:26] [INFO] start task: com.njfae.njquan.apk
[2018-11-20 23:49:26] [INFO] start analysing app: 南金泉
[2018-11-20 23:51:27] [INFO] start task: com.njfae.njquan.apk
[2018-11-20 23:51:27] [INFO] start analysing app: 南金泉
[2018-11-20 23:51:57] [INFO] start task: com.pufei.emojifair.apk
[2018-11-20 23:51:57] [INFO] start analysing app: 南金泉
[2018-11-20 23:52:28] [INFO] start task: sogou.mobile.explorer.apk
[2018-11-20 23:52:28] [INFO] start analysing app: 搜狗浏览器
[2018-11-20 23:52:59] [INFO] start task: com.wuba.bangjob.apk
[2018-11-20 23:52:59] [INFO] start analysing app: 招才猫直聘
[2018-11-20 23:53:29] [INFO] start task: com.bozhong.forum.apk
[2018-11-20 23:53:29] [INFO] start analysing app: 孕迹暖暖播种网孕期孕育
[2018-11-20 23:54:53] [INFO] start task: com.njfae.njquan.apk
[2018-11-20 23:54:53] [INFO] start analysing app: 南金泉
[2018-11-20 23:55:26] [INFO] start task: com.njfae.njquan.apk
[2018-11-20 23:55:26] [INFO] start analysing app: 南金泉
